{"total": {"lines":{"total":742,"covered":739,"skipped":0,"pct":99.59},"statements":{"total":838,"covered":831,"skipped":0,"pct":99.16},"functions":{"total":219,"covered":218,"skipped":0,"pct":99.54},"branches":{"total":242,"covered":214,"skipped":0,"pct":88.42},"branchesTrue":{"total":0,"covered":0,"skipped":0,"pct":100}}
,"/Users/Niclas/Repos/Gridly/Gridly-Client/src/app/app.component.ts": {"lines":{"total":7,"covered":7,"skipped":0,"pct":100},"functions":{"total":1,"covered":1,"skipped":0,"pct":100},"statements":{"total":9,"covered":9,"skipped":0,"pct":100},"branches":{"total":0,"covered":0,"skipped":0,"pct":100}}
,"/Users/Niclas/Repos/Gridly/Gridly-Client/src/app/components/card/card.component.ts": {"lines":{"total":59,"covered":59,"skipped":0,"pct":100},"functions":{"total":15,"covered":15,"skipped":0,"pct":100},"statements":{"total":61,"covered":61,"skipped":0,"pct":100},"branches":{"total":12,"covered":12,"skipped":0,"pct":100}}
,"/Users/Niclas/Repos/Gridly/Gridly-Client/src/app/components/dialogs/addCardDialog/add-card-dialog.component.ts": {"lines":{"total":26,"covered":25,"skipped":0,"pct":96.15},"functions":{"total":2,"covered":2,"skipped":0,"pct":100},"statements":{"total":27,"covered":26,"skipped":0,"pct":96.29},"branches":{"total":3,"covered":2,"skipped":0,"pct":66.66}}
,"/Users/Niclas/Repos/Gridly/Gridly-Client/src/app/components/dialogs/apiKeyDialog/provider-key-dialog.component.ts": {"lines":{"total":27,"covered":27,"skipped":0,"pct":100},"functions":{"total":4,"covered":4,"skipped":0,"pct":100},"statements":{"total":29,"covered":29,"skipped":0,"pct":100},"branches":{"total":2,"covered":2,"skipped":0,"pct":100}}
,"/Users/Niclas/Repos/Gridly/Gridly-Client/src/app/components/dialogs/deleteCardDialog/delete-card-dialog.component.ts": {"lines":{"total":13,"covered":13,"skipped":0,"pct":100},"functions":{"total":2,"covered":2,"skipped":0,"pct":100},"statements":{"total":14,"covered":14,"skipped":0,"pct":100},"branches":{"total":0,"covered":0,"skipped":0,"pct":100}}
,"/Users/Niclas/Repos/Gridly/Gridly-Client/src/app/components/dialogs/editCardDialog/edit-card-dialog.component.ts": {"lines":{"total":29,"covered":29,"skipped":0,"pct":100},"functions":{"total":3,"covered":3,"skipped":0,"pct":100},"statements":{"total":31,"covered":31,"skipped":0,"pct":100},"branches":{"total":8,"covered":8,"skipped":0,"pct":100}}
,"/Users/Niclas/Repos/Gridly/Gridly-Client/src/app/components/dialogs/editCardDialog/edit-card-dialog.facade.ts": {"lines":{"total":56,"covered":56,"skipped":0,"pct":100},"functions":{"total":8,"covered":8,"skipped":0,"pct":100},"statements":{"total":57,"covered":57,"skipped":0,"pct":100},"branches":{"total":20,"covered":20,"skipped":0,"pct":100}}
,"/Users/Niclas/Repos/Gridly/Gridly-Client/src/app/components/dialogs/promptDialog/prompt.dialog.component.ts": {"lines":{"total":12,"covered":12,"skipped":0,"pct":100},"functions":{"total":2,"covered":2,"skipped":0,"pct":100},"statements":{"total":13,"covered":13,"skipped":0,"pct":100},"branches":{"total":0,"covered":0,"skipped":0,"pct":100}}
,"/Users/Niclas/Repos/Gridly/Gridly-Client/src/app/components/dialogs/setLocationForProviderDialog/set-location-for-provider-dialog.component.ts": {"lines":{"total":35,"covered":35,"skipped":0,"pct":100},"functions":{"total":2,"covered":2,"skipped":0,"pct":100},"statements":{"total":37,"covered":37,"skipped":0,"pct":100},"branches":{"total":20,"covered":20,"skipped":0,"pct":100}}
,"/Users/Niclas/Repos/Gridly/Gridly-Client/src/app/components/grid/grid.component.ts": {"lines":{"total":34,"covered":34,"skipped":0,"pct":100},"functions":{"total":19,"covered":19,"skipped":0,"pct":100},"statements":{"total":41,"covered":41,"skipped":0,"pct":100},"branches":{"total":12,"covered":9,"skipped":0,"pct":75}}
,"/Users/Niclas/Repos/Gridly/Gridly-Client/src/app/components/header/header.component.ts": {"lines":{"total":29,"covered":29,"skipped":0,"pct":100},"functions":{"total":8,"covered":8,"skipped":0,"pct":100},"statements":{"total":31,"covered":31,"skipped":0,"pct":100},"branches":{"total":4,"covered":4,"skipped":0,"pct":100}}
,"/Users/Niclas/Repos/Gridly/Gridly-Client/src/app/directives/base-dialog.directive.ts": {"lines":{"total":13,"covered":13,"skipped":0,"pct":100},"functions":{"total":7,"covered":7,"skipped":0,"pct":100},"statements":{"total":14,"covered":14,"skipped":0,"pct":100},"branches":{"total":2,"covered":2,"skipped":0,"pct":100}}
,"/Users/Niclas/Repos/Gridly/Gridly-Client/src/app/directives/dialog.directive.ts": {"lines":{"total":24,"covered":24,"skipped":0,"pct":100},"functions":{"total":9,"covered":9,"skipped":0,"pct":100},"statements":{"total":25,"covered":25,"skipped":0,"pct":100},"branches":{"total":17,"covered":14,"skipped":0,"pct":82.35}}
,"/Users/Niclas/Repos/Gridly/Gridly-Client/src/app/directives/resizable.directive.ts": {"lines":{"total":84,"covered":83,"skipped":0,"pct":98.8},"functions":{"total":9,"covered":9,"skipped":0,"pct":100},"statements":{"total":95,"covered":93,"skipped":0,"pct":97.89},"branches":{"total":47,"covered":44,"skipped":0,"pct":93.61}}
,"/Users/Niclas/Repos/Gridly/Gridly-Client/src/app/services/card_services/card-rules.service.ts": {"lines":{"total":13,"covered":13,"skipped":0,"pct":100},"functions":{"total":8,"covered":8,"skipped":0,"pct":100},"statements":{"total":15,"covered":15,"skipped":0,"pct":100},"branches":{"total":40,"covered":40,"skipped":0,"pct":100}}
,"/Users/Niclas/Repos/Gridly/Gridly-Client/src/app/services/card_services/card.service.ts": {"lines":{"total":45,"covered":45,"skipped":0,"pct":100},"functions":{"total":19,"covered":19,"skipped":0,"pct":100},"statements":{"total":51,"covered":50,"skipped":0,"pct":98.03},"branches":{"total":18,"covered":11,"skipped":0,"pct":61.11}}
,"/Users/Niclas/Repos/Gridly/Gridly-Client/src/app/services/dialog_services/dialog.service.ts": {"lines":{"total":53,"covered":53,"skipped":0,"pct":100},"functions":{"total":29,"covered":28,"skipped":0,"pct":96.55},"statements":{"total":73,"covered":71,"skipped":0,"pct":97.26},"branches":{"total":16,"covered":11,"skipped":0,"pct":68.75}}
,"/Users/Niclas/Repos/Gridly/Gridly-Client/src/app/services/endpoint_services/card.endpoint.service.ts": {"lines":{"total":7,"covered":7,"skipped":0,"pct":100},"functions":{"total":2,"covered":2,"skipped":0,"pct":100},"statements":{"total":9,"covered":9,"skipped":0,"pct":100},"branches":{"total":0,"covered":0,"skipped":0,"pct":100}}
,"/Users/Niclas/Repos/Gridly/Gridly-Client/src/app/services/endpoint_services/icon.endpoint.service.ts": {"lines":{"total":8,"covered":8,"skipped":0,"pct":100},"functions":{"total":3,"covered":3,"skipped":0,"pct":100},"statements":{"total":10,"covered":10,"skipped":0,"pct":100},"branches":{"total":0,"covered":0,"skipped":0,"pct":100}}
,"/Users/Niclas/Repos/Gridly/Gridly-Client/src/app/services/endpoint_services/provider-keys.endpoint.service.ts": {"lines":{"total":11,"covered":11,"skipped":0,"pct":100},"functions":{"total":4,"covered":4,"skipped":0,"pct":100},"statements":{"total":13,"covered":13,"skipped":0,"pct":100},"branches":{"total":0,"covered":0,"skipped":0,"pct":100}}
,"/Users/Niclas/Repos/Gridly/Gridly-Client/src/app/services/endpoint_services/rowColumn.endpoint.service.ts": {"lines":{"total":8,"covered":8,"skipped":0,"pct":100},"functions":{"total":3,"covered":3,"skipped":0,"pct":100},"statements":{"total":10,"covered":10,"skipped":0,"pct":100},"branches":{"total":0,"covered":0,"skipped":0,"pct":100}}
,"/Users/Niclas/Repos/Gridly/Gridly-Client/src/app/services/endpoint_services/version.endpoint.service.ts": {"lines":{"total":7,"covered":7,"skipped":0,"pct":100},"functions":{"total":2,"covered":2,"skipped":0,"pct":100},"statements":{"total":9,"covered":9,"skipped":0,"pct":100},"branches":{"total":0,"covered":0,"skipped":0,"pct":100}}
,"/Users/Niclas/Repos/Gridly/Gridly-Client/src/app/services/endpoint_services/weather.endpoint.service.ts": {"lines":{"total":12,"covered":12,"skipped":0,"pct":100},"functions":{"total":5,"covered":5,"skipped":0,"pct":100},"statements":{"total":14,"covered":14,"skipped":0,"pct":100},"branches":{"total":0,"covered":0,"skipped":0,"pct":100}}
,"/Users/Niclas/Repos/Gridly/Gridly-Client/src/app/services/endpoint_services/widget.endpoint.service.ts": {"lines":{"total":7,"covered":7,"skipped":0,"pct":100},"functions":{"total":2,"covered":2,"skipped":0,"pct":100},"statements":{"total":9,"covered":9,"skipped":0,"pct":100},"branches":{"total":0,"covered":0,"skipped":0,"pct":100}}
,"/Users/Niclas/Repos/Gridly/Gridly-Client/src/app/services/grid_services/grid.service.ts": {"lines":{"total":37,"covered":37,"skipped":0,"pct":100},"functions":{"total":23,"covered":23,"skipped":0,"pct":100},"statements":{"total":43,"covered":43,"skipped":0,"pct":100},"branches":{"total":12,"covered":9,"skipped":0,"pct":75}}
,"/Users/Niclas/Repos/Gridly/Gridly-Client/src/app/services/icon_services/Icon.service.ts": {"lines":{"total":14,"covered":14,"skipped":0,"pct":100},"functions":{"total":6,"covered":6,"skipped":0,"pct":100},"statements":{"total":15,"covered":15,"skipped":0,"pct":100},"branches":{"total":2,"covered":2,"skipped":0,"pct":100}}
,"/Users/Niclas/Repos/Gridly/Gridly-Client/src/app/services/provider_key_services/provider-keys.service.ts": {"lines":{"total":25,"covered":25,"skipped":0,"pct":100},"functions":{"total":8,"covered":8,"skipped":0,"pct":100},"statements":{"total":27,"covered":27,"skipped":0,"pct":100},"branches":{"total":3,"covered":1,"skipped":0,"pct":33.33}}
,"/Users/Niclas/Repos/Gridly/Gridly-Client/src/app/services/version_services/version.service.ts": {"lines":{"total":8,"covered":8,"skipped":0,"pct":100},"functions":{"total":2,"covered":2,"skipped":0,"pct":100},"statements":{"total":10,"covered":10,"skipped":0,"pct":100},"branches":{"total":0,"covered":0,"skipped":0,"pct":100}}
,"/Users/Niclas/Repos/Gridly/Gridly-Client/src/app/services/weather_services/weather-provider.service.ts": {"lines":{"total":31,"covered":30,"skipped":0,"pct":96.77},"functions":{"total":9,"covered":9,"skipped":0,"pct":100},"statements":{"total":35,"covered":34,"skipped":0,"pct":97.14},"branches":{"total":4,"covered":3,"skipped":0,"pct":75}}
,"/Users/Niclas/Repos/Gridly/Gridly-Client/src/app/services/widget_services/widget.service.ts": {"lines":{"total":8,"covered":8,"skipped":0,"pct":100},"functions":{"total":3,"covered":3,"skipped":0,"pct":100},"statements":{"total":11,"covered":11,"skipped":0,"pct":100},"branches":{"total":0,"covered":0,"skipped":0,"pct":100}}
}
