TN:
SF:src/app/app.component.ts
FN:11,(anonymous_0)
FNF:1
FNH:1
FNDA:2,(anonymous_0)
DA:1,1
DA:2,1
DA:3,1
DA:4,1
DA:11,1
DA:12,2
DA:13,2
LF:7
LH:7
BRF:0
BRH:0
end_of_record
TN:
SF:src/app/components/card/card.component.ts
FN:37,(anonymous_0)
FN:57,(anonymous_1)
FN:70,(anonymous_2)
FN:73,(anonymous_3)
FN:76,(anonymous_4)
FN:79,(anonymous_5)
FN:63,(anonymous_6)
FN:83,(anonymous_7)
FN:87,(anonymous_8)
FN:91,(anonymous_9)
FN:95,(anonymous_10)
FN:99,(anonymous_11)
FN:103,(anonymous_12)
FN:107,(anonymous_13)
FN:116,(anonymous_14)
FNF:15
FNH:15
FNDA:18,(anonymous_0)
FNDA:18,(anonymous_1)
FNDA:20,(anonymous_2)
FNDA:21,(anonymous_3)
FNDA:21,(anonymous_4)
FNDA:20,(anonymous_5)
FNDA:2,(anonymous_6)
FNDA:1,(anonymous_7)
FNDA:1,(anonymous_8)
FNDA:31,(anonymous_9)
FNDA:3,(anonymous_10)
FNDA:2,(anonymous_11)
FNDA:2,(anonymous_12)
FNDA:2,(anonymous_13)
FNDA:2,(anonymous_14)
DA:1,3
DA:2,3
DA:3,3
DA:4,3
DA:5,3
DA:6,3
DA:7,3
DA:8,3
DA:9,3
DA:10,3
DA:11,3
DA:12,3
DA:13,3
DA:14,3
DA:15,3
DA:16,3
DA:17,3
DA:18,3
DA:37,3
DA:40,18
DA:41,18
DA:42,18
DA:43,18
DA:44,18
DA:46,18
DA:48,18
DA:49,18
DA:50,18
DA:51,18
DA:53,18
DA:55,18
DA:57,18
DA:58,18
DA:59,3
DA:60,3
DA:64,2
DA:65,1
DA:66,1
DA:70,18
DA:71,20
DA:73,18
DA:74,21
DA:76,18
DA:77,21
DA:79,18
DA:80,20
DA:84,1
DA:88,1
DA:92,31
DA:96,3
DA:100,2
DA:104,2
DA:108,2
DA:109,1
DA:111,2
DA:112,1
DA:117,2
DA:118,1
DA:122,18
LF:59
LH:59
BRDA:58,0,0,15
BRDA:58,0,1,3
BRDA:60,1,0,3
BRDA:60,1,1,2
BRDA:64,2,0,1
BRDA:64,2,1,1
BRDA:108,3,0,1
BRDA:108,3,1,1
BRDA:111,4,0,1
BRDA:111,4,1,1
BRDA:117,5,0,1
BRDA:117,5,1,1
BRF:12
BRH:12
end_of_record
TN:
SF:src/app/components/dialogs/addCardDialog/add-card-dialog.component.ts
FN:21,(anonymous_0)
FN:32,(anonymous_1)
FNF:2
FNH:2
FNDA:10,(anonymous_0)
FNDA:3,(anonymous_1)
DA:1,3
DA:2,3
DA:3,3
DA:4,3
DA:6,3
DA:7,3
DA:8,3
DA:10,3
DA:11,3
DA:12,3
DA:21,3
DA:24,10
DA:25,10
DA:26,10
DA:28,10
DA:29,10
DA:30,10
DA:33,3
DA:34,3
DA:35,3
DA:36,3
DA:37,3
DA:39,3
DA:41,2
DA:44,0
DA:46,1
LF:26
LH:25
BRDA:39,0,0,2
BRDA:39,0,1,0
BRDA:39,0,2,1
BRF:3
BRH:2
end_of_record
TN:
SF:src/app/components/dialogs/apiKeyDialog/provider-key-dialog.component.ts
FN:16,(anonymous_0)
FN:29,(anonymous_1)
FN:37,(anonymous_2)
FN:44,(anonymous_3)
FNF:4
FNH:4
FNDA:29,(anonymous_0)
FNDA:3,(anonymous_1)
FNDA:1,(anonymous_2)
FNDA:1,(anonymous_3)
DA:1,5
DA:2,5
DA:3,5
DA:4,5
DA:5,5
DA:6,5
DA:7,5
DA:16,5
DA:17,29
DA:18,29
DA:19,29
DA:20,29
DA:21,29
DA:23,29
DA:26,29
DA:30,3
DA:31,3
DA:33,2
DA:34,2
DA:36,2
DA:38,1
DA:39,1
DA:40,1
DA:41,1
DA:42,1
DA:45,1
DA:46,1
LF:27
LH:27
BRDA:31,0,0,1
BRDA:31,0,1,2
BRF:2
BRH:2
end_of_record
TN:
SF:src/app/components/dialogs/deleteCardDialog/delete-card-dialog.component.ts
FN:14,(anonymous_0)
FN:21,(anonymous_1)
FNF:2
FNH:2
FNDA:27,(anonymous_0)
FNDA:1,(anonymous_1)
DA:1,5
DA:2,5
DA:3,5
DA:4,5
DA:5,5
DA:14,5
DA:15,27
DA:16,27
DA:17,27
DA:18,27
DA:19,27
DA:22,1
DA:23,1
LF:13
LH:13
BRF:0
BRH:0
end_of_record
TN:
SF:src/app/components/dialogs/editCardDialog/edit-card-dialog.component.ts
FN:33,(anonymous_0)
FN:38,(anonymous_1)
FN:44,(anonymous_2)
FNF:3
FNH:3
FNDA:24,(anonymous_0)
FNDA:21,(anonymous_1)
FNDA:3,(anonymous_2)
DA:1,4
DA:2,4
DA:3,4
DA:4,4
DA:5,4
DA:6,4
DA:7,4
DA:8,4
DA:9,4
DA:10,4
DA:11,4
DA:12,4
DA:22,4
DA:23,24
DA:24,24
DA:25,24
DA:27,24
DA:28,24
DA:31,24
DA:34,24
DA:35,24
DA:39,21
DA:40,2
DA:45,3
DA:46,2
DA:47,2
DA:50,2
DA:51,2
DA:52,2
LF:29
LH:29
BRDA:39,0,0,2
BRDA:39,0,1,19
BRDA:40,1,0,2
BRDA:40,1,1,1
BRDA:45,2,0,2
BRDA:45,2,1,1
BRDA:47,3,0,1
BRDA:47,3,1,1
BRF:8
BRH:8
end_of_record
TN:
SF:src/app/components/dialogs/editCardDialog/edit-card-dialog.facade.ts
FN:26,(anonymous_0)
FN:30,(anonymous_1)
FN:38,(anonymous_2)
FN:42,(anonymous_3)
FN:46,(anonymous_4)
FN:59,(anonymous_5)
FN:66,(anonymous_6)
FN:71,(anonymous_7)
FNF:8
FNH:8
FNDA:32,(anonymous_0)
FNDA:3,(anonymous_1)
FNDA:2,(anonymous_2)
FNDA:1,(anonymous_3)
FNDA:1,(anonymous_4)
FNDA:2,(anonymous_5)
FNDA:1,(anonymous_6)
FNDA:7,(anonymous_7)
DA:1,5
DA:4,5
DA:5,5
DA:6,5
DA:7,5
DA:8,5
DA:9,5
DA:10,5
DA:13,5
DA:15,32
DA:17,32
DA:18,32
DA:19,32
DA:21,32
DA:22,32
DA:23,32
DA:24,32
DA:27,32
DA:31,3
DA:39,2
DA:43,1
DA:48,1
DA:49,1
DA:50,1
DA:51,1
DA:52,1
DA:53,1
DA:55,1
DA:56,1
DA:60,2
DA:61,2
DA:62,2
DA:63,2
DA:67,1
DA:68,1
DA:72,7
DA:73,7
DA:75,7
DA:76,1
DA:77,1
DA:79,6
DA:80,1
DA:83,5
DA:84,5
DA:85,5
DA:87,5
DA:89,5
DA:90,4
DA:91,4
DA:92,1
DA:93,1
DA:96,5
DA:97,2
DA:98,2
DA:100,3
DA:101,3
LF:56
LH:56
BRDA:60,0,0,2
BRDA:60,0,1,1
BRDA:75,1,0,1
BRDA:75,1,1,6
BRDA:75,2,0,7
BRDA:75,2,1,1
BRDA:79,3,0,1
BRDA:79,3,1,5
BRDA:79,4,0,6
BRDA:79,4,1,6
BRDA:89,5,0,4
BRDA:89,5,1,1
BRDA:91,6,0,1
BRDA:91,6,1,3
BRDA:91,7,0,4
BRDA:91,7,1,3
BRDA:96,8,0,2
BRDA:96,8,1,3
BRDA:96,9,0,5
BRDA:96,9,1,2
BRF:20
BRH:20
end_of_record
TN:
SF:src/app/components/dialogs/promptDialog/prompt.dialog.component.ts
FN:13,(anonymous_0)
FN:20,(anonymous_1)
FNF:2
FNH:2
FNDA:1,(anonymous_0)
FNDA:1,(anonymous_1)
DA:1,1
DA:2,1
DA:3,1
DA:4,1
DA:13,1
DA:14,1
DA:15,1
DA:16,1
DA:17,1
DA:18,1
DA:21,1
DA:22,1
LF:12
LH:12
BRF:0
BRH:0
end_of_record
TN:
SF:src/app/components/dialogs/setLocationForProviderDialog/set-location-for-provider-dialog.component.ts
FN:16,(anonymous_0)
FN:29,(anonymous_1)
FNF:2
FNH:2
FNDA:24,(anonymous_0)
FNDA:6,(anonymous_1)
DA:1,4
DA:2,4
DA:3,4
DA:4,4
DA:5,4
DA:6,4
DA:7,4
DA:16,4
DA:17,24
DA:19,24
DA:21,24
DA:22,24
DA:26,24
DA:30,6
DA:31,6
DA:32,6
DA:34,5
DA:35,5
DA:37,5
DA:38,5
DA:40,5
DA:41,4
DA:42,4
DA:43,2
DA:47,5
DA:49,5
DA:50,1
DA:51,1
DA:53,1
DA:54,1
DA:57,5
DA:58,2
DA:59,3
DA:60,1
DA:62,2
LF:35
LH:35
BRDA:32,0,0,1
BRDA:32,0,1,5
BRDA:32,1,0,6
BRDA:32,1,1,5
BRDA:40,2,0,4
BRDA:40,2,1,1
BRDA:42,3,0,2
BRDA:42,3,1,2
BRDA:42,4,0,4
BRDA:42,4,1,3
BRDA:49,5,0,1
BRDA:49,5,1,4
BRDA:49,6,0,5
BRDA:49,6,1,1
BRDA:57,7,0,2
BRDA:57,7,1,3
BRDA:57,8,0,5
BRDA:57,8,1,4
BRDA:59,9,0,1
BRDA:59,9,1,2
BRF:20
BRH:20
end_of_record
TN:
SF:src/app/components/grid/grid.component.ts
FN:17,(anonymous_0)
FN:25,(anonymous_1)
FN:29,(anonymous_2)
FN:31,(anonymous_3)
FN:33,(anonymous_4)
FN:52,(anonymous_5)
FN:56,(anonymous_6)
FN:58,(anonymous_7)
FN:71,(anonymous_8)
FN:75,(anonymous_9)
FN:79,(anonymous_10)
FN:81,(anonymous_11)
FN:82,(anonymous_12)
FN:87,(anonymous_13)
FN:88,(anonymous_14)
FN:91,(anonymous_15)
FN:95,(anonymous_16)
FN:99,(anonymous_17)
FN:103,(anonymous_18)
FNF:19
FNH:19
FNDA:7,(anonymous_0)
FNDA:4,(anonymous_1)
FNDA:7,(anonymous_2)
FNDA:9,(anonymous_3)
FNDA:6,(anonymous_4)
FNDA:2,(anonymous_5)
FNDA:1,(anonymous_6)
FNDA:2,(anonymous_7)
FNDA:112,(anonymous_8)
FNDA:128,(anonymous_9)
FNDA:48,(anonymous_10)
FNDA:48,(anonymous_11)
FNDA:96,(anonymous_12)
FNDA:16,(anonymous_13)
FNDA:32,(anonymous_14)
FNDA:34,(anonymous_15)
FNDA:32,(anonymous_16)
FNDA:32,(anonymous_17)
FNDA:11,(anonymous_18)
DA:1,2
DA:2,2
DA:3,2
DA:5,2
DA:6,2
DA:17,2
DA:18,7
DA:22,7
DA:23,7
DA:26,4
DA:28,3
DA:29,7
DA:31,9
DA:33,6
DA:35,3
DA:36,2
DA:42,1
DA:49,3
DA:53,2
DA:55,1
DA:56,1
DA:58,2
DA:61,1
DA:68,1
DA:72,112
DA:76,128
DA:80,48
DA:81,48
DA:82,96
DA:88,32
DA:92,34
DA:96,32
DA:100,32
DA:104,11
LF:34
LH:34
BRDA:26,0,0,1
BRDA:26,0,1,3
BRDA:35,1,0,2
BRDA:35,1,1,1
BRDA:53,2,0,1
BRDA:53,2,1,1
BRDA:92,3,0,34
BRDA:92,3,1,0
BRDA:96,4,0,32
BRDA:96,4,1,0
BRDA:104,5,0,0
BRDA:104,5,1,11
BRF:12
BRH:9
end_of_record
TN:
SF:src/app/components/header/header.component.ts
FN:18,(anonymous_0)
FN:44,(anonymous_1)
FN:32,(anonymous_2)
FN:37,(anonymous_3)
FN:48,(anonymous_4)
FN:52,(anonymous_5)
FN:57,(anonymous_6)
FN:61,(anonymous_7)
FNF:8
FNH:8
FNDA:8,(anonymous_0)
FNDA:11,(anonymous_1)
FNDA:1,(anonymous_2)
FNDA:3,(anonymous_3)
FNDA:3,(anonymous_4)
FNDA:1,(anonymous_5)
FNDA:1,(anonymous_6)
FNDA:2,(anonymous_7)
DA:1,2
DA:2,2
DA:3,2
DA:4,2
DA:5,2
DA:7,2
DA:8,2
DA:9,2
DA:18,2
DA:20,8
DA:21,8
DA:22,8
DA:24,8
DA:26,8
DA:28,8
DA:30,8
DA:33,1
DA:34,1
DA:38,3
DA:39,3
DA:40,1
DA:44,8
DA:45,11
DA:49,3
DA:53,1
DA:54,1
DA:58,1
DA:62,2
DA:63,1
LF:29
LH:29
BRDA:39,0,0,1
BRDA:39,0,1,2
BRDA:62,1,0,1
BRDA:62,1,1,1
BRF:4
BRH:4
end_of_record
TN:
SF:src/app/directives/base-dialog.directive.ts
FN:7,(anonymous_0)
FN:14,(anonymous_1)
FN:18,(anonymous_2)
FN:22,(anonymous_3)
FN:28,(anonymous_4)
FN:32,(anonymous_5)
FN:36,(anonymous_6)
FNF:7
FNH:7
FNDA:115,(anonymous_0)
FNDA:3,(anonymous_1)
FNDA:1,(anonymous_2)
FNDA:1,(anonymous_3)
FNDA:1,(anonymous_4)
FNDA:1,(anonymous_5)
FNDA:3,(anonymous_6)
DA:1,11
DA:2,11
DA:3,11
DA:4,11
DA:7,11
DA:10,115
DA:11,115
DA:15,3
DA:19,1
DA:25,1
DA:29,1
DA:33,1
DA:37,3
LF:13
LH:13
BRDA:37,0,0,3
BRDA:37,0,1,1
BRF:2
BRH:2
end_of_record
TN:
SF:src/app/directives/dialog.directive.ts
FN:8,(anonymous_0)
FN:17,(anonymous_1)
FN:19,(anonymous_2)
FN:22,(anonymous_3)
FN:27,(anonymous_4)
FN:33,(anonymous_5)
FN:43,(anonymous_6)
FN:48,(anonymous_7)
FN:53,(anonymous_8)
FNF:9
FNH:9
FNDA:123,(anonymous_0)
FNDA:123,(anonymous_1)
FNDA:1,(anonymous_2)
FNDA:1,(anonymous_3)
FNDA:127,(anonymous_4)
FNDA:250,(anonymous_5)
FNDA:3,(anonymous_6)
FNDA:1,(anonymous_7)
FNDA:2,(anonymous_8)
DA:1,12
DA:8,12
DA:9,123
DA:12,123
DA:13,123
DA:14,123
DA:15,123
DA:18,123
DA:19,123
DA:20,1
DA:22,123
DA:23,1
DA:28,127
DA:29,127
DA:34,250
DA:35,250
DA:36,2
DA:38,250
DA:39,1
DA:44,3
DA:45,3
DA:49,1
DA:54,2
DA:55,1
LF:24
LH:24
BRDA:28,0,0,127
BRDA:28,0,1,0
BRDA:28,1,0,127
BRDA:28,1,1,0
BRDA:28,1,2,0
BRDA:35,2,0,2
BRDA:35,2,1,248
BRDA:35,3,0,250
BRDA:35,3,1,3
BRDA:35,3,2,2
BRDA:38,4,0,1
BRDA:38,4,1,249
BRDA:38,5,0,250
BRDA:38,5,1,3
BRDA:38,5,2,248
BRDA:54,6,0,1
BRDA:54,6,1,1
BRF:17
BRH:14
end_of_record
TN:
SF:src/app/directives/resizable.directive.ts
FN:9,(anonymous_0)
FN:25,(anonymous_1)
FN:65,(anonymous_2)
FN:92,(anonymous_3)
FN:107,(anonymous_4)
FN:121,(anonymous_5)
FN:130,(anonymous_6)
FN:139,(anonymous_7)
FN:149,(anonymous_8)
FNF:9
FNH:9
FNDA:32,(anonymous_0)
FNDA:12,(anonymous_1)
FNDA:7,(anonymous_2)
FNDA:2,(anonymous_3)
FNDA:1,(anonymous_4)
FNDA:10,(anonymous_5)
FNDA:2,(anonymous_6)
FNDA:2,(anonymous_7)
FNDA:10,(anonymous_8)
DA:1,4
DA:2,4
DA:9,4
DA:10,32
DA:11,32
DA:16,32
DA:17,32
DA:18,32
DA:19,32
DA:20,32
DA:21,32
DA:22,32
DA:26,12
DA:28,11
DA:29,11
DA:31,11
DA:33,11
DA:34,2
DA:35,2
DA:36,2
DA:37,5
DA:38,1
DA:39,1
DA:41,4
DA:42,4
DA:46,11
DA:48,10
DA:49,10
DA:50,10
DA:52,0
DA:55,10
DA:56,10
DA:57,10
DA:58,10
DA:59,10
DA:61,10
DA:66,7
DA:68,6
DA:70,5
DA:71,5
DA:73,5
DA:74,5
DA:76,5
DA:77,5
DA:79,5
DA:86,5
DA:87,5
DA:88,5
DA:93,2
DA:95,1
DA:96,1
DA:97,1
DA:101,1
DA:103,1
DA:108,1
DA:110,1
DA:111,1
DA:112,1
DA:116,1
DA:118,1
DA:122,10
DA:123,10
DA:124,10
DA:125,10
DA:126,10
DA:127,10
DA:131,2
DA:132,2
DA:133,2
DA:134,2
DA:135,2
DA:136,2
DA:140,2
DA:141,2
DA:142,2
DA:143,2
DA:144,2
DA:145,2
DA:146,2
DA:150,10
DA:151,4
DA:152,3
DA:153,2
DA:154,1
LF:84
LH:83
BRDA:26,0,0,1
BRDA:26,0,1,11
BRDA:26,1,0,12
BRDA:26,1,1,11
BRDA:33,2,0,2
BRDA:33,2,1,9
BRDA:36,3,0,6
BRDA:36,3,1,5
BRDA:37,4,0,1
BRDA:37,4,1,4
BRDA:37,5,0,5
BRDA:37,5,1,5
BRDA:46,6,0,1
BRDA:46,6,1,10
BRDA:57,7,0,10
BRDA:57,7,1,10
BRDA:58,8,0,10
BRDA:58,8,1,10
BRDA:66,9,0,1
BRDA:66,9,1,6
BRDA:66,10,0,7
BRDA:66,10,1,6
BRDA:66,10,2,6
BRDA:68,11,0,1
BRDA:68,11,1,5
BRDA:68,12,0,6
BRDA:68,12,1,6
BRDA:82,13,0,5
BRDA:82,13,1,5
BRDA:83,14,0,5
BRDA:83,14,1,5
BRDA:93,15,0,1
BRDA:93,15,1,1
BRDA:95,16,0,1
BRDA:95,16,1,0
BRDA:108,17,0,0
BRDA:108,17,1,1
BRDA:110,18,0,1
BRDA:110,18,1,0
BRDA:150,19,0,6
BRDA:150,19,1,4
BRDA:151,20,0,1
BRDA:151,20,1,3
BRDA:152,21,0,1
BRDA:152,21,1,2
BRDA:153,22,0,1
BRDA:153,22,1,1
BRF:47
BRH:44
end_of_record
TN:
SF:src/app/services/card_services/card-rules.service.ts
FN:7,(anonymous_0)
FN:11,(anonymous_1)
FN:18,(anonymous_2)
FN:25,(anonymous_3)
FN:32,(anonymous_4)
FN:43,(anonymous_5)
FN:53,(anonymous_6)
FN:62,(anonymous_7)
FNF:8
FNH:8
FNDA:6,(anonymous_0)
FNDA:3,(anonymous_1)
FNDA:4,(anonymous_2)
FNDA:4,(anonymous_3)
FNDA:3,(anonymous_4)
FNDA:3,(anonymous_5)
FNDA:3,(anonymous_6)
FNDA:3,(anonymous_7)
DA:1,6
DA:2,6
DA:6,6
DA:8,6
DA:12,3
DA:19,4
DA:26,4
DA:33,3
DA:37,1
DA:39,2
DA:44,3
DA:54,3
DA:63,3
LF:13
LH:13
BRDA:8,0,0,6
BRDA:8,0,1,2
BRDA:12,1,0,3
BRDA:12,1,1,2
BRDA:12,1,2,2
BRDA:12,1,3,1
BRDA:19,2,0,4
BRDA:19,2,1,4
BRDA:19,2,2,4
BRDA:19,2,3,4
BRDA:26,3,0,4
BRDA:26,3,1,4
BRDA:26,3,2,4
BRDA:26,3,3,4
BRDA:33,4,0,1
BRDA:33,4,1,2
BRDA:33,5,0,3
BRDA:33,5,1,3
BRDA:33,5,2,2
BRDA:33,5,3,2
BRDA:39,6,0,2
BRDA:39,6,1,2
BRDA:44,7,0,3
BRDA:44,7,1,3
BRDA:44,7,2,3
BRDA:44,7,3,2
BRDA:44,7,4,2
BRDA:44,7,5,2
BRDA:44,7,6,2
BRDA:54,8,0,3
BRDA:54,8,1,3
BRDA:54,8,2,3
BRDA:54,8,3,3
BRDA:54,8,4,3
BRDA:54,8,5,2
BRDA:63,9,0,3
BRDA:63,9,1,3
BRDA:63,9,2,3
BRDA:63,9,3,3
BRDA:63,9,4,2
BRF:40
BRH:40
end_of_record
TN:
SF:src/app/services/card_services/card.service.ts
FN:18,(anonymous_0)
FN:24,(anonymous_1)
FN:29,(anonymous_2)
FN:36,(anonymous_3)
FN:49,(anonymous_4)
FN:51,(anonymous_5)
FN:52,(anonymous_6)
FN:52,(anonymous_7)
FN:55,(anonymous_8)
FN:56,(anonymous_9)
FN:65,(anonymous_10)
FN:67,(anonymous_11)
FN:68,(anonymous_12)
FN:69,(anonymous_13)
FN:77,(anonymous_14)
FN:91,(anonymous_15)
FN:92,(anonymous_16)
FN:99,(anonymous_17)
FN:101,(anonymous_18)
FNF:19
FNH:19
FNDA:7,(anonymous_0)
FNDA:2,(anonymous_1)
FNDA:3,(anonymous_2)
FNDA:3,(anonymous_3)
FNDA:3,(anonymous_4)
FNDA:1,(anonymous_5)
FNDA:4,(anonymous_6)
FNDA:2,(anonymous_7)
FNDA:5,(anonymous_8)
FNDA:8,(anonymous_9)
FNDA:5,(anonymous_10)
FNDA:9,(anonymous_11)
FNDA:8,(anonymous_12)
FNDA:10,(anonymous_13)
FNDA:5,(anonymous_14)
FNDA:3,(anonymous_15)
FNDA:6,(anonymous_16)
FNDA:8,(anonymous_17)
FNDA:8,(anonymous_18)
DA:1,1
DA:2,1
DA:3,1
DA:5,1
DA:8,1
DA:9,7
DA:11,7
DA:13,7
DA:19,7
DA:20,7
DA:21,7
DA:25,2
DA:26,2
DA:30,3
DA:31,3
DA:33,3
DA:37,3
DA:39,3
DA:40,6
DA:41,6
DA:42,6
DA:43,6
DA:46,3
DA:50,3
DA:51,1
DA:52,4
DA:56,8
DA:58,5
DA:59,5
DA:62,5
DA:66,5
DA:67,9
DA:69,10
DA:78,5
DA:79,9
DA:81,9
DA:82,1
DA:83,1
DA:85,1
DA:86,1
DA:92,3
DA:93,6
DA:96,3
DA:100,8
DA:102,8
LF:45
LH:45
BRDA:24,0,0,0
BRDA:29,1,0,0
BRDA:40,2,0,6
BRDA:40,2,1,0
BRDA:41,3,0,6
BRDA:41,3,1,4
BRDA:52,4,0,2
BRDA:52,4,1,0
BRDA:52,5,0,2
BRDA:52,5,1,0
BRDA:58,6,0,5
BRDA:58,6,1,0
BRDA:81,7,0,10
BRDA:81,7,1,3
BRDA:83,8,0,0
BRDA:83,8,1,1
BRDA:85,9,0,1
BRDA:85,9,1,1
BRF:18
BRH:11
end_of_record
TN:
SF:src/app/services/dialog_services/dialog.service.ts
FN:8,(anonymous_0)
FN:28,(anonymous_1)
FN:28,(anonymous_2)
FN:29,(anonymous_3)
FN:29,(anonymous_4)
FN:30,(anonymous_5)
FN:30,(anonymous_6)
FN:31,(anonymous_7)
FN:31,(anonymous_8)
FN:33,(anonymous_9)
FN:33,(anonymous_10)
FN:34,(anonymous_11)
FN:34,(anonymous_12)
FN:35,(anonymous_13)
FN:35,(anonymous_14)
FN:36,(anonymous_15)
FN:36,(anonymous_16)
FN:38,(anonymous_17)
FN:56,(anonymous_18)
FN:60,(anonymous_19)
FN:69,(anonymous_20)
FN:79,(anonymous_21)
FN:83,(anonymous_22)
FN:94,(anonymous_23)
FN:99,(anonymous_24)
FN:104,(anonymous_25)
FN:105,(anonymous_26)
FN:108,(anonymous_27)
FN:112,(anonymous_28)
FNF:29
FNH:28
FNDA:50,(anonymous_0)
FNDA:3,(anonymous_1)
FNDA:3,(anonymous_2)
FNDA:2,(anonymous_3)
FNDA:2,(anonymous_4)
FNDA:2,(anonymous_5)
FNDA:2,(anonymous_6)
FNDA:2,(anonymous_7)
FNDA:2,(anonymous_8)
FNDA:7,(anonymous_9)
FNDA:7,(anonymous_10)
FNDA:4,(anonymous_11)
FNDA:4,(anonymous_12)
FNDA:4,(anonymous_13)
FNDA:4,(anonymous_14)
FNDA:3,(anonymous_15)
FNDA:3,(anonymous_16)
FNDA:4,(anonymous_17)
FNDA:1,(anonymous_18)
FNDA:1,(anonymous_19)
FNDA:1,(anonymous_20)
FNDA:1,(anonymous_21)
FNDA:4,(anonymous_22)
FNDA:3,(anonymous_23)
FNDA:7,(anonymous_24)
FNDA:2,(anonymous_25)
FNDA:2,(anonymous_26)
FNDA:2,(anonymous_27)
FNDA:0,(anonymous_28)
DA:1,12
DA:2,12
DA:3,12
DA:5,12
DA:8,12
DA:9,50
DA:10,50
DA:11,50
DA:12,50
DA:14,50
DA:15,50
DA:16,50
DA:17,50
DA:19,50
DA:20,50
DA:28,50
DA:29,50
DA:30,50
DA:31,50
DA:33,50
DA:34,50
DA:35,50
DA:36,50
DA:39,4
DA:40,4
DA:42,4
DA:43,1
DA:45,3
DA:46,3
DA:48,3
DA:49,3
DA:50,3
DA:51,3
DA:53,3
DA:57,1
DA:61,1
DA:70,1
DA:80,1
DA:84,4
DA:85,4
DA:86,4
DA:88,4
DA:95,3
DA:96,3
DA:100,7
DA:101,7
DA:105,2
DA:106,2
DA:108,2
DA:109,2
DA:110,2
DA:112,2
DA:114,2
LF:53
LH:53
BRDA:42,0,0,1
BRDA:42,0,1,3
BRDA:84,1,0,0
BRDA:84,1,1,4
BRDA:89,2,0,4
BRDA:89,2,1,2
BRDA:96,3,0,2
BRDA:96,3,1,1
BRDA:101,4,0,5
BRDA:101,4,1,2
BRDA:109,5,0,2
BRDA:109,5,1,0
BRDA:110,6,0,2
BRDA:110,6,1,0
BRDA:112,7,0,0
BRDA:112,7,1,0
BRF:16
BRH:11
end_of_record
TN:
SF:src/app/services/endpoint_services/card.endpoint.service.ts
FN:11,(anonymous_0)
FN:14,(anonymous_1)
FNF:2
FNH:2
FNDA:1,(anonymous_0)
FNDA:1,(anonymous_1)
DA:1,2
DA:2,2
DA:4,2
DA:5,2
DA:11,2
DA:12,1
DA:15,1
LF:7
LH:7
BRF:0
BRH:0
end_of_record
TN:
SF:src/app/services/endpoint_services/icon.endpoint.service.ts
FN:12,(anonymous_0)
FN:16,(anonymous_1)
FN:20,(anonymous_2)
FNF:3
FNH:3
FNDA:16,(anonymous_0)
FNDA:1,(anonymous_1)
FNDA:1,(anonymous_2)
DA:1,7
DA:2,7
DA:5,7
DA:6,7
DA:12,7
DA:13,16
DA:17,1
DA:21,1
LF:8
LH:8
BRF:0
BRH:0
end_of_record
TN:
SF:src/app/services/endpoint_services/provider-keys.endpoint.service.ts
FN:11,(anonymous_0)
FN:14,(anonymous_1)
FN:19,(anonymous_2)
FN:24,(anonymous_3)
FNF:4
FNH:4
FNDA:25,(anonymous_0)
FNDA:23,(anonymous_1)
FNDA:1,(anonymous_2)
FNDA:1,(anonymous_3)
DA:1,10
DA:2,10
DA:3,10
DA:4,10
DA:11,10
DA:12,25
DA:15,23
DA:16,23
DA:20,1
DA:21,1
DA:25,1
LF:11
LH:11
BRF:0
BRH:0
end_of_record
TN:
SF:src/app/services/endpoint_services/rowColumn.endpoint.service.ts
FN:11,(anonymous_0)
FN:14,(anonymous_1)
FN:17,(anonymous_2)
FNF:3
FNH:3
FNDA:2,(anonymous_0)
FNDA:1,(anonymous_1)
FNDA:1,(anonymous_2)
DA:1,6
DA:2,6
DA:3,6
DA:4,6
DA:11,6
DA:12,2
DA:15,1
DA:18,1
LF:8
LH:8
BRF:0
BRH:0
end_of_record
TN:
SF:src/app/services/endpoint_services/version.endpoint.service.ts
FN:11,(anonymous_0)
FN:14,(anonymous_1)
FNF:2
FNH:2
FNDA:1,(anonymous_0)
FNDA:1,(anonymous_1)
DA:1,4
DA:2,4
DA:4,4
DA:5,4
DA:11,4
DA:12,1
DA:15,1
LF:7
LH:7
BRF:0
BRH:0
end_of_record
TN:
SF:src/app/services/endpoint_services/weather.endpoint.service.ts
FN:12,(anonymous_0)
FN:15,(anonymous_1)
FN:19,(anonymous_2)
FN:22,(anonymous_3)
FN:26,(anonymous_4)
FNF:5
FNH:5
FNDA:18,(anonymous_0)
FNDA:1,(anonymous_1)
FNDA:15,(anonymous_2)
FNDA:1,(anonymous_3)
FNDA:1,(anonymous_4)
DA:1,8
DA:2,8
DA:3,8
DA:4,8
DA:12,8
DA:13,18
DA:16,1
DA:17,1
DA:20,15
DA:23,1
DA:24,1
DA:27,1
LF:12
LH:12
BRF:0
BRH:0
end_of_record
TN:
SF:src/app/services/endpoint_services/widget.endpoint.service.ts
FN:11,(anonymous_0)
FN:13,(anonymous_1)
FNF:2
FNH:2
FNDA:11,(anonymous_0)
FNDA:11,(anonymous_1)
DA:1,5
DA:2,5
DA:3,5
DA:4,5
DA:11,5
DA:12,11
DA:14,11
LF:7
LH:7
BRF:0
BRH:0
end_of_record
TN:
SF:src/app/services/grid_services/grid.service.ts
FN:19,(anonymous_0)
FN:25,(anonymous_1)
FN:27,(anonymous_2)
FN:28,(anonymous_3)
FN:30,(anonymous_4)
FN:30,(anonymous_5)
FN:32,(anonymous_6)
FN:34,(anonymous_7)
FN:38,(anonymous_8)
FN:42,(anonymous_9)
FN:69,(anonymous_10)
FN:71,(anonymous_11)
FN:73,(anonymous_12)
FN:80,(anonymous_13)
FN:82,(anonymous_14)
FN:84,(anonymous_15)
FN:91,(anonymous_16)
FN:93,(anonymous_17)
FN:94,(anonymous_18)
FN:98,(anonymous_19)
FN:107,(anonymous_20)
FN:108,(anonymous_21)
FN:114,(anonymous_22)
FNF:23
FNH:23
FNDA:9,(anonymous_0)
FNDA:1,(anonymous_1)
FNDA:1,(anonymous_2)
FNDA:1,(anonymous_3)
FNDA:2,(anonymous_4)
FNDA:2,(anonymous_5)
FNDA:11,(anonymous_6)
FNDA:11,(anonymous_7)
FNDA:5,(anonymous_8)
FNDA:5,(anonymous_9)
FNDA:1,(anonymous_10)
FNDA:2,(anonymous_11)
FNDA:3,(anonymous_12)
FNDA:1,(anonymous_13)
FNDA:1,(anonymous_14)
FNDA:2,(anonymous_15)
FNDA:24,(anonymous_16)
FNDA:22,(anonymous_17)
FNDA:22,(anonymous_18)
FNDA:28,(anonymous_19)
FNDA:29,(anonymous_20)
FNDA:27,(anonymous_21)
FNDA:5,(anonymous_22)
DA:1,5
DA:2,5
DA:4,5
DA:5,5
DA:9,5
DA:10,9
DA:11,9
DA:14,9
DA:17,9
DA:20,9
DA:21,9
DA:22,9
DA:25,9
DA:27,9
DA:28,1
DA:30,9
DA:33,11
DA:35,11
DA:39,5
DA:43,5
DA:44,5
DA:55,5
DA:66,5
DA:70,1
DA:71,2
DA:74,3
DA:77,1
DA:81,1
DA:82,1
DA:85,2
DA:88,1
DA:92,24
DA:93,22
DA:94,22
DA:98,28
DA:108,29
DA:115,5
LF:37
LH:37
BRDA:35,0,0,11
BRDA:35,0,1,1
BRDA:48,1,0,5
BRDA:48,1,1,0
BRDA:49,2,0,5
BRDA:49,2,1,0
BRDA:85,3,0,1
BRDA:85,3,1,1
BRDA:97,4,0,22
BRDA:97,4,1,8
BRDA:115,5,0,0
BRDA:115,5,1,5
BRF:12
BRH:9
end_of_record
TN:
SF:src/app/services/icon_services/Icon.service.ts
FN:26,(anonymous_0)
FN:31,(anonymous_1)
FN:35,(anonymous_2)
FN:37,(anonymous_3)
FN:40,(anonymous_4)
FN:42,(anonymous_5)
FNF:6
FNH:6
FNDA:17,(anonymous_0)
FNDA:3,(anonymous_1)
FNDA:17,(anonymous_2)
FNDA:20,(anonymous_3)
FNDA:3,(anonymous_4)
FNDA:1,(anonymous_5)
DA:1,6
DA:2,6
DA:4,6
DA:15,6
DA:18,6
DA:22,17
DA:24,17
DA:27,17
DA:28,17
DA:32,3
DA:36,17
DA:37,20
DA:41,3
DA:42,1
LF:14
LH:14
BRDA:41,0,0,2
BRDA:41,0,1,1
BRF:2
BRH:2
end_of_record
TN:
SF:src/app/services/provider_key_services/provider-keys.service.ts
FN:20,(anonymous_0)
FN:34,(anonymous_1)
FN:35,(anonymous_2)
FN:28,(anonymous_3)
FN:30,(anonymous_4)
FN:40,(anonymous_5)
FN:44,(anonymous_6)
FN:49,(anonymous_7)
FNF:8
FNH:8
FNDA:28,(anonymous_0)
FNDA:1,(anonymous_1)
FNDA:1,(anonymous_2)
FNDA:28,(anonymous_3)
FNDA:2,(anonymous_4)
FNDA:2,(anonymous_5)
FNDA:1,(anonymous_6)
FNDA:2,(anonymous_7)
DA:1,9
DA:2,9
DA:3,9
DA:4,9
DA:6,9
DA:9,9
DA:10,28
DA:12,28
DA:16,28
DA:21,28
DA:22,28
DA:23,28
DA:24,28
DA:25,28
DA:29,28
DA:31,2
DA:34,28
DA:35,28
DA:36,1
DA:37,1
DA:38,1
DA:41,2
DA:45,1
DA:46,1
DA:50,2
LF:25
LH:25
BRDA:34,0,0,0
BRDA:40,1,0,1
BRDA:44,2,0,0
BRF:3
BRH:1
end_of_record
TN:
SF:src/app/services/version_services/version.service.ts
FN:15,(anonymous_0)
FN:20,(anonymous_1)
FNF:2
FNH:2
FNDA:1,(anonymous_0)
FNDA:1,(anonymous_1)
DA:1,3
DA:3,3
DA:5,3
DA:8,3
DA:9,1
DA:16,1
DA:17,1
DA:20,1
LF:8
LH:8
BRF:0
BRH:0
end_of_record
TN:
SF:src/app/services/weather_services/weather-provider.service.ts
FN:16,(anonymous_0)
FN:22,(anonymous_1)
FN:23,(anonymous_2)
FN:24,(anonymous_3)
FN:27,(anonymous_4)
FN:33,(anonymous_5)
FN:35,(anonymous_6)
FN:39,(anonymous_7)
FN:50,(anonymous_8)
FNF:9
FNH:9
FNDA:22,(anonymous_0)
FNDA:1,(anonymous_1)
FNDA:3,(anonymous_2)
FNDA:2,(anonymous_3)
FNDA:1,(anonymous_4)
FNDA:24,(anonymous_5)
FNDA:10,(anonymous_6)
FNDA:3,(anonymous_7)
FNDA:2,(anonymous_8)
DA:1,7
DA:2,7
DA:3,7
DA:4,7
DA:5,7
DA:10,7
DA:11,22
DA:14,22
DA:17,22
DA:18,22
DA:19,22
DA:22,22
DA:23,22
DA:24,22
DA:27,22
DA:28,1
DA:29,1
DA:34,24
DA:36,10
DA:40,3
DA:41,3
DA:42,1
DA:44,2
DA:45,1
DA:47,1
DA:51,2
DA:52,2
DA:53,1
DA:55,1
DA:56,1
DA:58,0
LF:31
LH:30
BRDA:44,0,0,1
BRDA:44,0,1,1
BRDA:55,1,0,1
BRDA:55,1,1,0
BRF:4
BRH:3
end_of_record
TN:
SF:src/app/services/widget_services/widget.service.ts
FN:6,(anonymous_0)
FN:8,(anonymous_1)
FN:9,(anonymous_2)
FNF:3
FNH:3
FNDA:11,(anonymous_0)
FNDA:11,(anonymous_1)
FNDA:11,(anonymous_2)
DA:1,4
DA:2,4
DA:3,4
DA:6,4
DA:7,11
DA:8,11
DA:9,11
DA:10,11
LF:8
LH:8
BRF:0
BRH:0
end_of_record
